\BOOKMARK [0][-]{chapter.1}{\376\377\000I\000n\000t\000r\000o\000d\000u\000c\000t\000i\000o\000n}{}% 1
\BOOKMARK [1][-]{section.1.1}{\376\377\000A\000b\000o\000u\000t\000\040\000I\000D\000F\000C\000\040\000F\000I\000R\000S\000T\000\040\000B\000a\000n\000k}{chapter.1}% 2
\BOOKMARK [1][-]{section.1.2}{\376\377\000I\000n\000t\000e\000r\000n\000s\000h\000i\000p\000\040\000O\000v\000e\000r\000v\000i\000e\000w}{chapter.1}% 3
\BOOKMARK [1][-]{section.1.3}{\376\377\000M\000o\000t\000i\000v\000a\000t\000i\000o\000n}{chapter.1}% 4
\BOOKMARK [1][-]{section.1.4}{\376\377\000O\000u\000r\000\040\000C\000o\000n\000t\000r\000i\000b\000u\000t\000i\000o\000n}{chapter.1}% 5
\BOOKMARK [0][-]{chapter.2}{\376\377\000R\000e\000l\000a\000t\000e\000d\000\040\000W\000o\000r\000k}{}% 6
\BOOKMARK [1][-]{section.2.1}{\376\377\000C\000i\000n\000e\000m\000a\000\040\000T\000i\000c\000k\000e\000t\000i\000n\000g\000\040\000a\000n\000d\000\040\000S\000e\000a\000t\000\040\000R\000e\000s\000e\000r\000v\000a\000t\000i\000o\000n\000\040\000S\000y\000s\000t\000e\000m\000s}{chapter.2}% 7
\BOOKMARK [1][-]{section.2.2}{\376\377\000F\000u\000l\000l\000-\000S\000t\000a\000c\000k\000\040\000W\000e\000b\000\040\000F\000r\000a\000m\000e\000w\000o\000r\000k\000s\000\040\000a\000n\000d\000\040\000R\000E\000S\000T\000\040\000A\000P\000I\000\040\000D\000e\000s\000i\000g\000n}{chapter.2}% 8
\BOOKMARK [1][-]{section.2.3}{\376\377\000A\000g\000i\000l\000e\000\040\000S\000o\000f\000t\000w\000a\000r\000e\000\040\000D\000e\000l\000i\000v\000e\000r\000y}{chapter.2}% 9
\BOOKMARK [1][-]{section.2.4}{\376\377\000E\000v\000e\000n\000t\000-\000D\000r\000i\000v\000e\000n\000\040\000A\000r\000c\000h\000i\000t\000e\000c\000t\000u\000r\000e\000s\000\040\000a\000n\000d\000\040\000F\000a\000u\000l\000t\000\040\000T\000o\000l\000e\000r\000a\000n\000c\000e}{chapter.2}% 10
\BOOKMARK [1][-]{section.2.5}{\376\377\000S\000u\000m\000m\000a\000r\000y}{chapter.2}% 11
\BOOKMARK [0][-]{chapter.3}{\376\377\000T\000r\000a\000i\000n\000i\000n\000g\000\040\000P\000h\000a\000s\000e\000:\000\040\000D\000O\000J\000O\000\040\000L\000e\000a\000r\000n\000i\000n\000g}{}% 12
\BOOKMARK [1][-]{section.3.1}{\376\377\000O\000v\000e\000r\000v\000i\000e\000w}{chapter.3}% 13
\BOOKMARK [1][-]{section.3.2}{\376\377\000K\000e\000y\000\040\000L\000e\000a\000r\000n\000i\000n\000g\000\040\000A\000r\000e\000a\000s}{chapter.3}% 14
\BOOKMARK [2][-]{subsection.3.2.1}{\376\377\000G\000o\000L\000a\000n\000g\000\040\000F\000u\000n\000d\000a\000m\000e\000n\000t\000a\000l\000s}{section.3.2}% 15
\BOOKMARK [2][-]{subsection.3.2.2}{\376\377\000C\000o\000n\000c\000u\000r\000r\000e\000n\000c\000y\000\040\000P\000a\000t\000t\000e\000r\000n\000s}{section.3.2}% 16
\BOOKMARK [2][-]{subsection.3.2.3}{\376\377\000G\000i\000n\000\040\000W\000e\000b\000\040\000F\000r\000a\000m\000e\000w\000o\000r\000k}{section.3.2}% 17
\BOOKMARK [2][-]{subsection.3.2.4}{\376\377\000T\000e\000s\000t\000-\000D\000r\000i\000v\000e\000n\000\040\000D\000e\000v\000e\000l\000o\000p\000m\000e\000n\000t\000\040\000\050\000T\000D\000D\000\051}{section.3.2}% 18
\BOOKMARK [2][-]{subsection.3.2.5}{\376\377\000D\000o\000c\000k\000e\000r\000\040\000B\000a\000s\000i\000c\000s}{section.3.2}% 19
\BOOKMARK [2][-]{subsection.3.2.6}{\376\377\000R\000e\000a\000c\000t\000\040\000a\000n\000d\000\040\000F\000r\000o\000n\000t\000e\000n\000d\000\040\000D\000e\000v\000e\000l\000o\000p\000m\000e\000n\000t}{section.3.2}% 20
\BOOKMARK [2][-]{subsection.3.2.7}{\376\377\000C\000l\000o\000u\000d\000\040\000C\000o\000m\000p\000u\000t\000i\000n\000g}{section.3.2}% 21
\BOOKMARK [2][-]{subsection.3.2.8}{\376\377\000A\000I\000\040\000a\000n\000d\000\040\000M\000a\000c\000h\000i\000n\000e\000\040\000L\000e\000a\000r\000n\000i\000n\000g\000\040\000C\000o\000n\000c\000e\000p\000t\000s}{section.3.2}% 22
\BOOKMARK [1][-]{section.3.3}{\376\377\000D\000O\000J\000O\000\040\000O\000u\000t\000c\000o\000m\000e\000s}{chapter.3}% 23
\BOOKMARK [0][-]{chapter.4}{\376\377\000P\000r\000o\000j\000e\000c\000t\000\040\000S\000i\000m\000u\000l\000a\000t\000i\000o\000n\000:\000\040\000S\000k\000y\000F\000o\000x\000\040\000C\000i\000n\000e\000m\000a\000s}{}% 24
\BOOKMARK [1][-]{section.4.1}{\376\377\000P\000r\000o\000j\000e\000c\000t\000\040\000O\000v\000e\000r\000v\000i\000e\000w}{chapter.4}% 25
\BOOKMARK [1][-]{section.4.2}{\376\377\000S\000p\000r\000i\000n\000t\000\040\000B\000r\000e\000a\000k\000d\000o\000w\000n}{chapter.4}% 26
\BOOKMARK [1][-]{section.4.3}{\376\377\000T\000e\000c\000h\000n\000i\000c\000a\000l\000\040\000C\000o\000n\000t\000r\000i\000b\000u\000t\000i\000o\000n\000s}{chapter.4}% 27
\BOOKMARK [2][-]{subsection.4.3.1}{\376\377\000C\000o\000n\000c\000u\000r\000r\000e\000n\000t\000\040\000S\000e\000a\000t\000\040\000B\000o\000o\000k\000i\000n\000g\000\040\000S\000y\000s\000t\000e\000m}{section.4.3}% 28
\BOOKMARK [2][-]{subsection.4.3.2}{\376\377\000R\000o\000l\000e\000-\000B\000a\000s\000e\000d\000\040\000A\000c\000c\000e\000s\000s\000\040\000C\000o\000n\000t\000r\000o\000l\000\040\000\050\000R\000B\000A\000C\000\051\000\040\000\046\000\040\000S\000e\000c\000u\000r\000e\000\040\000O\000n\000b\000o\000a\000r\000d\000i\000n\000g}{section.4.3}% 29
\BOOKMARK [2][-]{subsection.4.3.3}{\376\377\000O\000w\000n\000e\000r\000-\000C\000e\000n\000t\000r\000i\000c\000\040\000S\000c\000h\000e\000d\000u\000l\000e\000\040\000M\000a\000n\000a\000g\000e\000m\000e\000n\000t}{section.4.3}% 30
\BOOKMARK [2][-]{subsection.4.3.4}{\376\377\000G\000r\000a\000n\000u\000l\000a\000r\000\040\000P\000a\000r\000t\000i\000a\000l\000\040\000C\000h\000e\000c\000k\000-\000I\000n}{section.4.3}% 31
\BOOKMARK [2][-]{subsection.4.3.5}{\376\377\000D\000a\000t\000a\000b\000a\000s\000e\000\040\000M\000i\000g\000r\000a\000t\000i\000o\000n\000s\000\040\000w\000i\000t\000h\000\040\000G\000o\000o\000s\000e}{section.4.3}% 32
\BOOKMARK [1][-]{section.4.4}{\376\377\000T\000e\000c\000h\000\040\000L\000e\000a\000d\000\040\000R\000e\000s\000p\000o\000n\000s\000i\000b\000i\000l\000i\000t\000i\000e\000s}{chapter.4}% 33
\BOOKMARK [0][-]{chapter.5}{\376\377\000R\000e\000s\000i\000l\000i\000e\000n\000t\000\040\000E\000v\000e\000n\000t\000\040\000C\000o\000n\000s\000u\000m\000e\000r\000\040\000F\000r\000a\000m\000e\000w\000o\000r\000k}{}% 34
\BOOKMARK [1][-]{section.5.1}{\376\377\000P\000r\000o\000b\000l\000e\000m\000\040\000C\000o\000n\000t\000e\000x\000t}{chapter.5}% 35
\BOOKMARK [1][-]{section.5.2}{\376\377\000D\000e\000s\000i\000g\000n\000\040\000G\000o\000a\000l\000s}{chapter.5}% 36
\BOOKMARK [1][-]{section.5.3}{\376\377\000S\000y\000s\000t\000e\000m\000\040\000A\000r\000c\000h\000i\000t\000e\000c\000t\000u\000r\000e}{chapter.5}% 37
\BOOKMARK [1][-]{section.5.4}{\376\377\000C\000o\000m\000p\000o\000n\000e\000n\000t\000\040\0001\000:\000\040\000C\000o\000r\000e\000\040\000R\000e\000t\000r\000y\000\040\000E\000n\000g\000i\000n\000e}{chapter.5}% 38
\BOOKMARK [2][-]{subsection.5.4.1}{\376\377\000F\000a\000i\000l\000u\000r\000e\000\040\000C\000l\000a\000s\000s\000i\000f\000i\000c\000a\000t\000i\000o\000n}{section.5.4}% 39
\BOOKMARK [2][-]{subsection.5.4.2}{\376\377\000E\000x\000p\000o\000n\000e\000n\000t\000i\000a\000l\000\040\000B\000a\000c\000k\000o\000f\000f\000\040\000w\000i\000t\000h\000\040\000J\000i\000t\000t\000e\000r}{section.5.4}% 40
\BOOKMARK [1][-]{section.5.5}{\376\377\000C\000o\000m\000p\000o\000n\000e\000n\000t\000\040\0002\000:\000\040\000R\000e\000d\000i\000s\000-\000B\000a\000c\000k\000e\000d\000\040\000I\000d\000e\000m\000p\000o\000t\000e\000n\000c\000y\000\040\000S\000t\000o\000r\000e}{chapter.5}% 41
\BOOKMARK [1][-]{section.5.6}{\376\377\000C\000o\000m\000p\000o\000n\000e\000n\000t\000\040\0003\000:\000\040\000D\000L\000Q\000\040\000P\000u\000b\000l\000i\000s\000h\000e\000r\000\040\000a\000n\000d\000\040\000R\000e\000p\000l\000a\000y\000e\000r\000\040\000C\000L\000I}{chapter.5}% 42
\BOOKMARK [1][-]{section.5.7}{\376\377\000C\000o\000m\000p\000o\000n\000e\000n\000t\000\040\0004\000:\000\040\000O\000b\000s\000e\000r\000v\000a\000b\000i\000l\000i\000t\000y\000\040\000L\000a\000y\000e\000r}{chapter.5}% 43
\BOOKMARK [1][-]{section.5.8}{\376\377\000C\000o\000m\000p\000o\000n\000e\000n\000t\000\040\0005\000:\000\040\000C\000o\000n\000f\000i\000g\000u\000r\000a\000t\000i\000o\000n\000\040\000M\000a\000n\000a\000g\000e\000m\000e\000n\000t}{chapter.5}% 44
\BOOKMARK [1][-]{section.5.9}{\376\377\000C\000o\000m\000p\000o\000n\000e\000n\000t\000\040\0006\000:\000\040\000T\000e\000s\000t\000i\000n\000g\000\040\000S\000t\000r\000a\000t\000e\000g\000y}{chapter.5}% 45
\BOOKMARK [2][-]{subsection.5.9.1}{\376\377\000U\000n\000i\000t\000\040\000T\000e\000s\000t\000s}{section.5.9}% 46
\BOOKMARK [0][-]{chapter.6}{\376\377\000R\000e\000s\000u\000l\000t\000s\000\040\000a\000n\000d\000\040\000D\000i\000s\000c\000u\000s\000s\000i\000o\000n}{}% 47
\BOOKMARK [1][-]{section.6.1}{\376\377\000F\000r\000a\000m\000e\000w\000o\000r\000k\000\040\000R\000e\000l\000i\000a\000b\000i\000l\000i\000t\000y\000\040\000O\000u\000t\000c\000o\000m\000e\000s}{chapter.6}% 48
\BOOKMARK [1][-]{section.6.2}{\376\377\000S\000k\000y\000F\000o\000x\000\040\000C\000i\000n\000e\000m\000a\000s\000\040\040\024\000\040\000P\000r\000o\000j\000e\000c\000t\000\040\000O\000u\000t\000c\000o\000m\000e\000s}{chapter.6}% 49
\BOOKMARK [1][-]{section.6.3}{\376\377\000T\000e\000c\000h\000n\000i\000c\000a\000l\000\040\000S\000k\000i\000l\000l\000s\000\040\000A\000c\000q\000u\000i\000r\000e\000d}{chapter.6}% 50
\BOOKMARK [1][-]{section.6.4}{\376\377\000C\000h\000a\000l\000l\000e\000n\000g\000e\000s\000\040\000F\000a\000c\000e\000d}{chapter.6}% 51
\BOOKMARK [0][-]{chapter.7}{\376\377\000C\000o\000n\000c\000l\000u\000s\000i\000o\000n\000s\000\040\000a\000n\000d\000\040\000F\000u\000t\000u\000r\000e\000\040\000W\000o\000r\000k\000s}{}% 52
\BOOKMARK [1][-]{section.7.1}{\376\377\000C\000o\000n\000c\000l\000u\000s\000i\000o\000n}{chapter.7}% 53
\BOOKMARK [1][-]{section.7.2}{\376\377\000O\000n\000g\000o\000i\000n\000g\000\040\000W\000o\000r\000k\000\040\000\050\000M\000a\000y\000\040\040\023\000\040\000J\000u\000n\000e\000\040\0002\0000\0002\0006\000\051}{chapter.7}% 54
\BOOKMARK [1][-]{section.7.3}{\376\377\000F\000u\000t\000u\000r\000e\000\040\000W\000o\000r\000k\000s}{chapter.7}% 55
\BOOKMARK [2][-]{subsection.7.3.1}{\376\377\000P\000r\000o\000d\000u\000c\000t\000i\000o\000n\000\040\000D\000e\000p\000l\000o\000y\000m\000e\000n\000t\000\040\000a\000n\000d\000\040\000E\000n\000v\000i\000r\000o\000n\000m\000e\000n\000t\000\040\000P\000r\000o\000m\000o\000t\000i\000o\000n}{section.7.3}% 56
\BOOKMARK [2][-]{subsection.7.3.2}{\376\377\000G\000r\000a\000f\000a\000n\000a\000\040\000S\000L\000O\000\040\000D\000a\000s\000h\000b\000o\000a\000r\000d}{section.7.3}% 57
\BOOKMARK [2][-]{subsection.7.3.3}{\376\377\000K\000u\000b\000e\000r\000n\000e\000t\000e\000s\000\040\000D\000e\000p\000l\000o\000y\000m\000e\000n\000t\000\040\000w\000i\000t\000h\000\040\000A\000u\000t\000o\000-\000S\000c\000a\000l\000i\000n\000g}{section.7.3}% 58
\BOOKMARK [2][-]{subsection.7.3.4}{\376\377\000O\000p\000e\000n\000T\000e\000l\000e\000m\000e\000t\000r\000y\000\040\000D\000i\000s\000t\000r\000i\000b\000u\000t\000e\000d\000\040\000T\000r\000a\000c\000i\000n\000g}{section.7.3}% 59
